24/09/04 10:05:37 [INFO    ] (import_data): Importing data files from C:\Users\ghuysn\GIT_Projects\EnergyScope_LCA\Data\2030_BE
24/09/04 10:05:37 [INFO    ] (kmedoid_clustering): Starting kmedoid clustering of typical days based on C:\Users\ghuysn\GIT_Projects\EnergyScope_LCA\energyscope\preprocessing\td_selection\data.dat
24/09/04 10:05:37 [INFO    ] (kmedoid_clustering): Running kmedoid clustering
24/09/04 10:05:43 [INFO    ] (kmedoid_clustering): End of kmedoid clustering
24/09/04 10:05:43 [INFO    ] (print_data): Printing ESTD_data.dat
24/09/04 10:05:43 [INFO    ] (print_data): Printing ESTD_12TD.dat
24/09/04 10:05:43 [INFO    ] (run_es): Running EnergyScope
24/09/04 10:06:17 [INFO    ] (run_es): End of run
24/09/04 10:06:17 [INFO    ] (import_data): Importing data files from C:\Users\ghuysn\GIT_Projects\EnergyScope_LCA\Data\2030_BE
24/09/04 10:06:17 [INFO    ] (kmedoid_clustering): Starting kmedoid clustering of typical days based on C:\Users\ghuysn\GIT_Projects\EnergyScope_LCA\energyscope\preprocessing\td_selection\data.dat
24/09/04 10:06:17 [INFO    ] (kmedoid_clustering): Running kmedoid clustering
24/09/04 10:06:23 [INFO    ] (kmedoid_clustering): End of kmedoid clustering
24/09/04 10:06:23 [INFO    ] (print_data): Printing ESTD_data.dat
24/09/04 10:06:23 [INFO    ] (print_data): Printing ESTD_12TD.dat
24/09/04 10:06:23 [INFO    ] (run_es): Running EnergyScope
24/09/04 10:06:49 [INFO    ] (run_es): End of run
24/09/04 10:06:49 [INFO    ] (import_data): Importing data files from C:\Users\ghuysn\GIT_Projects\EnergyScope_LCA\Data\2030_BE
24/09/04 10:06:49 [INFO    ] (kmedoid_clustering): Starting kmedoid clustering of typical days based on C:\Users\ghuysn\GIT_Projects\EnergyScope_LCA\energyscope\preprocessing\td_selection\data.dat
24/09/04 10:06:49 [INFO    ] (kmedoid_clustering): Running kmedoid clustering
24/09/04 10:06:55 [INFO    ] (kmedoid_clustering): End of kmedoid clustering
24/09/04 10:06:55 [INFO    ] (print_data): Printing ESTD_data.dat
24/09/04 10:06:55 [INFO    ] (print_data): Printing ESTD_12TD.dat
24/09/04 10:06:55 [INFO    ] (run_es): Running EnergyScope
24/09/04 10:07:31 [INFO    ] (run_es): End of run
