24/08/07 10:50:11 [INFO    ] (import_data): Importing data files from C:\Users\ghuysn\GIT_Projects\EnergyScope_LCA\Data\2030_BE
24/08/07 10:50:11 [INFO    ] (kmedoid_clustering): Starting kmedoid clustering of typical days based on C:\Users\ghuysn\GIT_Projects\EnergyScope_LCA\energyscope\preprocessing\td_selection\data.dat
24/08/07 10:50:11 [INFO    ] (kmedoid_clustering): Running kmedoid clustering
24/08/07 10:50:16 [INFO    ] (kmedoid_clustering): End of kmedoid clustering
24/08/07 10:50:16 [INFO    ] (print_data): Printing ESTD_data.dat
24/08/07 10:50:16 [INFO    ] (print_data): Printing ESTD_12TD.dat
24/08/07 10:50:16 [INFO    ] (run_es): Running EnergyScope
24/08/07 10:50:46 [INFO    ] (run_es): End of run
24/08/07 10:50:46 [INFO    ] (import_data): Importing data files from C:\Users\ghuysn\GIT_Projects\EnergyScope_LCA\Data\2030_BE
24/08/07 10:50:46 [INFO    ] (kmedoid_clustering): Starting kmedoid clustering of typical days based on C:\Users\ghuysn\GIT_Projects\EnergyScope_LCA\energyscope\preprocessing\td_selection\data.dat
24/08/07 10:50:46 [INFO    ] (kmedoid_clustering): Running kmedoid clustering
24/08/07 10:50:51 [INFO    ] (kmedoid_clustering): End of kmedoid clustering
24/08/07 10:50:51 [INFO    ] (print_data): Printing ESTD_data.dat
24/08/07 10:50:51 [INFO    ] (print_data): Printing ESTD_12TD.dat
24/08/07 10:50:52 [INFO    ] (run_es): Running EnergyScope
24/08/07 10:51:17 [INFO    ] (run_es): End of run
24/08/07 10:51:17 [INFO    ] (import_data): Importing data files from C:\Users\ghuysn\GIT_Projects\EnergyScope_LCA\Data\2030_BE
24/08/07 10:51:17 [INFO    ] (kmedoid_clustering): Starting kmedoid clustering of typical days based on C:\Users\ghuysn\GIT_Projects\EnergyScope_LCA\energyscope\preprocessing\td_selection\data.dat
24/08/07 10:51:17 [INFO    ] (kmedoid_clustering): Running kmedoid clustering
24/08/07 10:51:22 [INFO    ] (kmedoid_clustering): End of kmedoid clustering
24/08/07 10:51:22 [INFO    ] (print_data): Printing ESTD_data.dat
24/08/07 10:51:22 [INFO    ] (print_data): Printing ESTD_12TD.dat
24/08/07 10:51:22 [INFO    ] (run_es): Running EnergyScope
24/08/07 10:52:00 [INFO    ] (run_es): End of run
24/08/07 10:52:00 [INFO    ] (import_data): Importing data files from C:\Users\ghuysn\GIT_Projects\EnergyScope_LCA\Data\2030_BE
24/08/07 10:52:01 [INFO    ] (kmedoid_clustering): Starting kmedoid clustering of typical days based on C:\Users\ghuysn\GIT_Projects\EnergyScope_LCA\energyscope\preprocessing\td_selection\data.dat
24/08/07 10:52:01 [INFO    ] (kmedoid_clustering): Running kmedoid clustering
24/08/07 10:52:06 [INFO    ] (kmedoid_clustering): End of kmedoid clustering
24/08/07 10:52:06 [INFO    ] (print_data): Printing ESTD_data.dat
24/08/07 10:52:06 [INFO    ] (print_data): Printing ESTD_12TD.dat
24/08/07 10:52:06 [INFO    ] (run_es): Running EnergyScope
24/08/07 10:52:43 [INFO    ] (run_es): End of run
24/08/07 10:52:43 [INFO    ] (import_data): Importing data files from C:\Users\ghuysn\GIT_Projects\EnergyScope_LCA\Data\2030_BE
24/08/07 10:52:43 [INFO    ] (kmedoid_clustering): Starting kmedoid clustering of typical days based on C:\Users\ghuysn\GIT_Projects\EnergyScope_LCA\energyscope\preprocessing\td_selection\data.dat
24/08/07 10:52:43 [INFO    ] (kmedoid_clustering): Running kmedoid clustering
24/08/07 10:52:49 [INFO    ] (kmedoid_clustering): End of kmedoid clustering
24/08/07 10:52:49 [INFO    ] (print_data): Printing ESTD_data.dat
24/08/07 10:52:49 [INFO    ] (print_data): Printing ESTD_12TD.dat
24/08/07 10:52:49 [INFO    ] (run_es): Running EnergyScope
24/08/07 10:53:22 [INFO    ] (run_es): End of run
