1
2
3
4
5
6
7
8
9
10
11
12
9
9
9
6
7
5
3
6
4
3
6
6
6
3
6
8
11
6
4
3
4
6
7
7
7
7
5
5
6
6
4
7
6
4
4
6
6
7
8
4
1
1
2
6
7
4
7
11
11
11
7
4
7
7
4
5
4
4
7
4
7
3
4
4
7
3
4
7
4
4
4
3
7
4
11
11
1
1
7
4
4
4
4
4
4
4
4
4
1
1
4
1
4
4
1
4
4
1
4
4
4
4
4
4
1
4
7
4
1
1
1
1
1
1
4
4
1
4
1
4
4
4
4
3
4
1
1
4
4
4
4
1
1
4
4
1
1
1
1
1
1
1
4
4
4
1
1
1
1
1
4
1
1
1
4
1
4
4
4
1
1
1
4
4
1
4
4
1
1
1
4
1
1
1
1
1
1
4
4
1
1
1
4
4
1
1
4
1
1
1
1
4
1
1
1
1
1
1
1
1
1
1
1
1
1
1
4
4
4
1
1
1
1
4
1
1
1
1
4
4
4
1
1
1
1
1
3
4
4
1
1
4
4
4
1
1
1
1
4
1
1
4
4
4
1
1
1
2
4
4
4
1
4
3
1
4
4
1
1
1
1
1
4
4
4
1
3
3
4
4
3
1
4
1
3
3
3
3
4
3
3
3
3
3
4
4
4
4
3
7
4
4
5
4
4
6
7
7
7
1
1
2
3
7
11
11
2
2
11
11
3
3
3
4
4
11
7
4
6
7
11
11
3
6
7
7
11
11
5
7
7
7
8
6
3
5
3
3
7
3
3
11
11
11
2
11
12
12
11
5
6
11
11
